<?xml version="1.0" encoding="UTF-8"?>
<testng-results ignored="4" total="12" passed="6" failed="2" skipped="0">
  <reporter-output>
  </reporter-output>
  <suite started-at="2025-04-03T16:22:04 IST" name="Suite" finished-at="2025-04-03T16:23:48 IST" duration-ms="103624">
    <groups>
      <group name="SmokeTest">
        <method signature="TH_Smoke_IT_Test.LoginToAdminPanel_Test()[pri:0, instance:tataHealth_Smoke_Integreation_System_Test.TH_Smoke_IT_Test@3c41ed1d]" name="LoginToAdminPanel_Test" class="tataHealth_Smoke_Integreation_System_Test.TH_Smoke_IT_Test"/>
        <method signature="TH_Smoke_IT_Test.RegisterAPatient_Test()[pri:0, instance:tataHealth_Smoke_Integreation_System_Test.TH_Smoke_IT_Test@3c41ed1d]" name="RegisterAPatient_Test" class="tataHealth_Smoke_Integreation_System_Test.TH_Smoke_IT_Test"/>
      </group> <!-- SmokeTest -->
      <group name="SystemTest">
        <method signature="AddDr_LoginToUPPanel_ST_Test.LoginToUser_patientPanel_Test()[pri:0, instance:tataHealth_Smoke_Integreation_System_Test.AddDr_LoginToUPPanel_ST_Test@54d9d12d]" name="LoginToUser_patientPanel_Test" class="tataHealth_Smoke_Integreation_System_Test.AddDr_LoginToUPPanel_ST_Test"/>
        <method signature="AddDr_LoginToUPPanel_ST_Test.addADoctor_Test()[pri:0, instance:tataHealth_Smoke_Integreation_System_Test.AddDr_LoginToUPPanel_ST_Test@54d9d12d]" name="addADoctor_Test" class="tataHealth_Smoke_Integreation_System_Test.AddDr_LoginToUPPanel_ST_Test"/>
        <method signature="BookAppointment_AddMediHistory_ST_Test.AddMedicalHistory_ST_Test()[pri:0, instance:tataHealth_Smoke_Integreation_System_Test.BookAppointment_AddMediHistory_ST_Test@6c6cb480]" name="AddMedicalHistory_ST_Test" class="tataHealth_Smoke_Integreation_System_Test.BookAppointment_AddMediHistory_ST_Test"/>
        <method signature="BookAppointment_AddMediHistory_ST_Test.BookAnAppointment_ST_Test()[pri:0, instance:tataHealth_Smoke_Integreation_System_Test.BookAppointment_AddMediHistory_ST_Test@6c6cb480]" name="BookAnAppointment_ST_Test" class="tataHealth_Smoke_Integreation_System_Test.BookAppointment_AddMediHistory_ST_Test"/>
      </group> <!-- SystemTest -->
      <group name="IntegrationTest">
        <method signature="TH_Smoke_IT_Test.VerifyContactUsQuery_Test()[pri:0, instance:tataHealth_Smoke_Integreation_System_Test.TH_Smoke_IT_Test@3c41ed1d]" name="VerifyContactUsQuery_Test" class="tataHealth_Smoke_Integreation_System_Test.TH_Smoke_IT_Test"/>
        <method signature="TH_Smoke_IT_Test.VerifyDoctorLogin_Test()[pri:0, instance:tataHealth_Smoke_Integreation_System_Test.TH_Smoke_IT_Test@3c41ed1d]" name="VerifyDoctorLogin_Test" class="tataHealth_Smoke_Integreation_System_Test.TH_Smoke_IT_Test"/>
      </group> <!-- IntegrationTest -->
    </groups>
    <test started-at="2025-04-03T16:22:04 IST" name="Test" finished-at="2025-04-03T16:23:48 IST" duration-ms="103624">
      <class name="tataHealth_Smoke_Integreation_System_Test.TH_Smoke_IT_Test">
        <test-method is-config="true" signature="configBC()[pri:0, instance:tataHealth_Smoke_Integreation_System_Test.TH_Smoke_IT_Test@3c41ed1d]" started-at="2025-04-03T16:23:05 IST" name="configBC" finished-at="2025-04-03T16:23:06 IST" duration-ms="1113" status="PASS">
          <reporter-output>
          </reporter-output>
        </test-method> <!-- configBC -->
        <test-method is-config="true" signature="configBM()[pri:0, instance:tataHealth_Smoke_Integreation_System_Test.TH_Smoke_IT_Test@3c41ed1d]" started-at="2025-04-03T16:23:06 IST" name="configBM" finished-at="2025-04-03T16:23:06 IST" duration-ms="37" status="PASS">
          <reporter-output>
          </reporter-output>
        </test-method> <!-- configBM -->
        <test-method signature="LoginToAdminPanel_Test()[pri:0, instance:tataHealth_Smoke_Integreation_System_Test.TH_Smoke_IT_Test@3c41ed1d]" started-at="2025-04-03T16:23:06 IST" name="LoginToAdminPanel_Test" finished-at="2025-04-03T16:23:07 IST" duration-ms="1010" status="PASS">
          <reporter-output>
          </reporter-output>
        </test-method> <!-- LoginToAdminPanel_Test -->
        <test-method is-config="true" signature="configAM()[pri:0, instance:tataHealth_Smoke_Integreation_System_Test.TH_Smoke_IT_Test@3c41ed1d]" started-at="2025-04-03T16:23:07 IST" name="configAM" finished-at="2025-04-03T16:23:07 IST" duration-ms="1" status="PASS">
          <reporter-output>
          </reporter-output>
        </test-method> <!-- configAM -->
        <test-method is-config="true" signature="configBM()[pri:0, instance:tataHealth_Smoke_Integreation_System_Test.TH_Smoke_IT_Test@3c41ed1d]" started-at="2025-04-03T16:23:07 IST" name="configBM" finished-at="2025-04-03T16:23:08 IST" duration-ms="115" status="PASS">
          <reporter-output>
          </reporter-output>
        </test-method> <!-- configBM -->
        <test-method signature="RegisterAPatient_Test()[pri:0, instance:tataHealth_Smoke_Integreation_System_Test.TH_Smoke_IT_Test@3c41ed1d]" started-at="2025-04-03T16:23:08 IST" name="RegisterAPatient_Test" finished-at="2025-04-03T16:23:09 IST" duration-ms="1669" status="PASS">
          <reporter-output>
          </reporter-output>
        </test-method> <!-- RegisterAPatient_Test -->
        <test-method is-config="true" signature="configAM()[pri:0, instance:tataHealth_Smoke_Integreation_System_Test.TH_Smoke_IT_Test@3c41ed1d]" started-at="2025-04-03T16:23:09 IST" name="configAM" finished-at="2025-04-03T16:23:09 IST" duration-ms="2" status="PASS">
          <reporter-output>
          </reporter-output>
        </test-method> <!-- configAM -->
        <test-method is-config="true" signature="configBM()[pri:0, instance:tataHealth_Smoke_Integreation_System_Test.TH_Smoke_IT_Test@3c41ed1d]" started-at="2025-04-03T16:23:09 IST" name="configBM" finished-at="2025-04-03T16:23:09 IST" duration-ms="88" status="PASS">
          <reporter-output>
          </reporter-output>
        </test-method> <!-- configBM -->
        <test-method signature="VerifyContactUsQuery_Test()[pri:0, instance:tataHealth_Smoke_Integreation_System_Test.TH_Smoke_IT_Test@3c41ed1d]" started-at="2025-04-03T16:23:09 IST" name="VerifyContactUsQuery_Test" finished-at="2025-04-03T16:23:32 IST" duration-ms="22806" status="PASS">
          <reporter-output>
          </reporter-output>
        </test-method> <!-- VerifyContactUsQuery_Test -->
        <test-method is-config="true" signature="configAM()[pri:0, instance:tataHealth_Smoke_Integreation_System_Test.TH_Smoke_IT_Test@3c41ed1d]" started-at="2025-04-03T16:23:32 IST" name="configAM" finished-at="2025-04-03T16:23:32 IST" duration-ms="4" status="PASS">
          <reporter-output>
          </reporter-output>
        </test-method> <!-- configAM -->
        <test-method is-config="true" signature="configBM()[pri:0, instance:tataHealth_Smoke_Integreation_System_Test.TH_Smoke_IT_Test@3c41ed1d]" started-at="2025-04-03T16:23:32 IST" name="configBM" finished-at="2025-04-03T16:23:32 IST" duration-ms="13" status="PASS">
          <reporter-output>
          </reporter-output>
        </test-method> <!-- configBM -->
        <test-method signature="VerifyDoctorLogin_Test()[pri:0, instance:tataHealth_Smoke_Integreation_System_Test.TH_Smoke_IT_Test@3c41ed1d]" started-at="2025-04-03T16:23:32 IST" name="VerifyDoctorLogin_Test" finished-at="2025-04-03T16:23:33 IST" duration-ms="1182" status="PASS">
          <reporter-output>
          </reporter-output>
        </test-method> <!-- VerifyDoctorLogin_Test -->
        <test-method is-config="true" signature="configAM()[pri:0, instance:tataHealth_Smoke_Integreation_System_Test.TH_Smoke_IT_Test@3c41ed1d]" started-at="2025-04-03T16:23:33 IST" name="configAM" finished-at="2025-04-03T16:23:33 IST" duration-ms="0" status="PASS">
          <reporter-output>
          </reporter-output>
        </test-method> <!-- configAM -->
        <test-method is-config="true" signature="configAC()[pri:0, instance:tataHealth_Smoke_Integreation_System_Test.TH_Smoke_IT_Test@3c41ed1d]" started-at="2025-04-03T16:23:33 IST" name="configAC" finished-at="2025-04-03T16:23:34 IST" duration-ms="270" status="PASS">
          <reporter-output>
          </reporter-output>
        </test-method> <!-- configAC -->
      </class> <!-- tataHealth_Smoke_Integreation_System_Test.TH_Smoke_IT_Test -->
      <class name="tataHealth_Smoke_Integreation_System_Test.AddDr_LoginToUPPanel_ST_Test">
        <test-method is-config="true" signature="configBC()[pri:0, instance:tataHealth_Smoke_Integreation_System_Test.AddDr_LoginToUPPanel_ST_Test@54d9d12d]" started-at="2025-04-03T16:23:34 IST" name="configBC" finished-at="2025-04-03T16:23:35 IST" duration-ms="1087" status="PASS">
          <reporter-output>
          </reporter-output>
        </test-method> <!-- configBC -->
        <test-method is-config="true" signature="configBM()[pri:0, instance:tataHealth_Smoke_Integreation_System_Test.AddDr_LoginToUPPanel_ST_Test@54d9d12d]" started-at="2025-04-03T16:23:35 IST" name="configBM" finished-at="2025-04-03T16:23:35 IST" duration-ms="44" status="PASS">
          <reporter-output>
          </reporter-output>
        </test-method> <!-- configBM -->
        <test-method signature="LoginToUser_patientPanel_Test()[pri:0, instance:tataHealth_Smoke_Integreation_System_Test.AddDr_LoginToUPPanel_ST_Test@54d9d12d]" started-at="2025-04-03T16:23:35 IST" name="LoginToUser_patientPanel_Test" finished-at="2025-04-03T16:23:38 IST" duration-ms="2921" status="PASS">
          <reporter-output>
          </reporter-output>
        </test-method> <!-- LoginToUser_patientPanel_Test -->
        <test-method is-config="true" signature="configBM()[pri:0, instance:tataHealth_Smoke_Integreation_System_Test.AddDr_LoginToUPPanel_ST_Test@54d9d12d]" started-at="2025-04-03T16:23:38 IST" name="configBM" finished-at="2025-04-03T16:23:38 IST" duration-ms="132" status="PASS">
          <reporter-output>
          </reporter-output>
        </test-method> <!-- configBM -->
        <test-method is-config="true" signature="configAM()[pri:0, instance:tataHealth_Smoke_Integreation_System_Test.AddDr_LoginToUPPanel_ST_Test@54d9d12d]" started-at="2025-04-03T16:23:38 IST" name="configAM" finished-at="2025-04-03T16:23:38 IST" duration-ms="0" status="PASS">
          <reporter-output>
          </reporter-output>
        </test-method> <!-- configAM -->
        <test-method signature="addADoctor_Test()[pri:0, instance:tataHealth_Smoke_Integreation_System_Test.AddDr_LoginToUPPanel_ST_Test@54d9d12d]" started-at="2025-04-03T16:23:38 IST" name="addADoctor_Test" finished-at="2025-04-03T16:23:48 IST" duration-ms="9811" status="PASS">
          <reporter-output>
          </reporter-output>
        </test-method> <!-- addADoctor_Test -->
        <test-method is-config="true" signature="configAM()[pri:0, instance:tataHealth_Smoke_Integreation_System_Test.AddDr_LoginToUPPanel_ST_Test@54d9d12d]" started-at="2025-04-03T16:23:48 IST" name="configAM" finished-at="2025-04-03T16:23:48 IST" duration-ms="0" status="PASS">
          <reporter-output>
          </reporter-output>
        </test-method> <!-- configAM -->
        <test-method is-config="true" signature="configAC()[pri:0, instance:tataHealth_Smoke_Integreation_System_Test.AddDr_LoginToUPPanel_ST_Test@54d9d12d]" started-at="2025-04-03T16:23:48 IST" name="configAC" finished-at="2025-04-03T16:23:48 IST" duration-ms="249" status="PASS">
          <reporter-output>
          </reporter-output>
        </test-method> <!-- configAC -->
      </class> <!-- tataHealth_Smoke_Integreation_System_Test.AddDr_LoginToUPPanel_ST_Test -->
      <class name="tataHealth_Smoke_Integreation_System_Test.BookAppointment_AddMediHistory_ST_Test">
        <test-method is-config="true" signature="configBS()[pri:0, instance:tataHealth_Smoke_Integreation_System_Test.BookAppointment_AddMediHistory_ST_Test@6c6cb480]" started-at="2025-04-03T16:22:04 IST" name="configBS" finished-at="2025-04-03T16:22:04 IST" duration-ms="249" status="PASS">
          <reporter-output>
          </reporter-output>
        </test-method> <!-- configBS -->
        <test-method is-config="true" signature="configBC()[pri:0, instance:tataHealth_Smoke_Integreation_System_Test.BookAppointment_AddMediHistory_ST_Test@6c6cb480]" started-at="2025-04-03T16:22:04 IST" name="configBC" finished-at="2025-04-03T16:22:06 IST" duration-ms="1430" status="PASS">
          <reporter-output>
          </reporter-output>
        </test-method> <!-- configBC -->
        <test-method is-config="true" signature="configBM()[pri:0, instance:tataHealth_Smoke_Integreation_System_Test.BookAppointment_AddMediHistory_ST_Test@6c6cb480]" started-at="2025-04-03T16:22:06 IST" name="configBM" finished-at="2025-04-03T16:22:06 IST" duration-ms="48" status="PASS">
          <reporter-output>
          </reporter-output>
        </test-method> <!-- configBM -->
        <test-method signature="AddMedicalHistory_ST_Test()[pri:0, instance:tataHealth_Smoke_Integreation_System_Test.BookAppointment_AddMediHistory_ST_Test@6c6cb480]" started-at="2025-04-03T16:22:06 IST" name="AddMedicalHistory_ST_Test" finished-at="2025-04-03T16:22:55 IST" duration-ms="49154" status="FAIL">
          <exception class="org.openqa.selenium.NoSuchElementException">
            <message>
              <![CDATA[no such element: Unable to locate element: {"method":"xpath","selector":"//span[@class='username']"}
  (Session info: chrome=134.0.6998.178)
For documentation on this error, please visit: https://www.selenium.dev/documentation/webdriver/troubleshooting/errors#no-such-element-exception
Build info: version: '4.28.1', revision: '73f5ad48a2'
System info: os.name: 'Windows 11', os.arch: 'amd64', os.version: '10.0', java.version: '23'
Driver info: org.openqa.selenium.chrome.ChromeDriver
Command: [fdae256e779bfcaaaad3a28914f97be5, findElement {value=//span[@class='username'], using=xpath}]
Capabilities {acceptInsecureCerts: false, browserName: chrome, browserVersion: 134.0.6998.178, chrome: {chromedriverVersion: 134.0.6998.165 (fd886e2cb29..., userDataDir: C:\Users\anjal\AppData\Loca...}, fedcm:accounts: true, goog:chromeOptions: {debuggerAddress: localhost:60252}, networkConnectionEnabled: false, pageLoadStrategy: normal, platformName: windows, proxy: Proxy(), se:cdp: ws://localhost:60252/devtoo..., se:cdpVersion: 134.0.6998.178, setWindowRect: true, strictFileInteractability: false, timeouts: {implicit: 0, pageLoad: 300000, script: 30000}, unhandledPromptBehavior: dismiss and notify, webauthn:extension:credBlob: true, webauthn:extension:largeBlob: true, webauthn:extension:minPinLength: true, webauthn:extension:prf: true, webauthn:virtualAuthenticators: true}
Session ID: fdae256e779bfcaaaad3a28914f97be5]]>
            </message>
            <full-stacktrace>
              <![CDATA[org.openqa.selenium.NoSuchElementException: no such element: Unable to locate element: {"method":"xpath","selector":"//span[@class='username']"}
  (Session info: chrome=134.0.6998.178)
For documentation on this error, please visit: https://www.selenium.dev/documentation/webdriver/troubleshooting/errors#no-such-element-exception
Build info: version: '4.28.1', revision: '73f5ad48a2'
System info: os.name: 'Windows 11', os.arch: 'amd64', os.version: '10.0', java.version: '23'
Driver info: org.openqa.selenium.chrome.ChromeDriver
Command: [fdae256e779bfcaaaad3a28914f97be5, findElement {value=//span[@class='username'], using=xpath}]
Capabilities {acceptInsecureCerts: false, browserName: chrome, browserVersion: 134.0.6998.178, chrome: {chromedriverVersion: 134.0.6998.165 (fd886e2cb29..., userDataDir: C:\Users\anjal\AppData\Loca...}, fedcm:accounts: true, goog:chromeOptions: {debuggerAddress: localhost:60252}, networkConnectionEnabled: false, pageLoadStrategy: normal, platformName: windows, proxy: Proxy(), se:cdp: ws://localhost:60252/devtoo..., se:cdpVersion: 134.0.6998.178, setWindowRect: true, strictFileInteractability: false, timeouts: {implicit: 0, pageLoad: 300000, script: 30000}, unhandledPromptBehavior: dismiss and notify, webauthn:extension:credBlob: true, webauthn:extension:largeBlob: true, webauthn:extension:minPinLength: true, webauthn:extension:prf: true, webauthn:virtualAuthenticators: true}
Session ID: fdae256e779bfcaaaad3a28914f97be5
at java.base/jdk.internal.reflect.DirectConstructorHandleAccessor.newInstance(DirectConstructorHandleAccessor.java:62)
at java.base/java.lang.reflect.Constructor.newInstanceWithCaller(Constructor.java:501)
at java.base/java.lang.reflect.Constructor.newInstance(Constructor.java:485)
at org.openqa.selenium.remote.ErrorCodec.decode(ErrorCodec.java:167)
at org.openqa.selenium.remote.codec.w3c.W3CHttpResponseCodec.decode(W3CHttpResponseCodec.java:138)
at org.openqa.selenium.remote.codec.w3c.W3CHttpResponseCodec.decode(W3CHttpResponseCodec.java:50)
at org.openqa.selenium.remote.HttpCommandExecutor.execute(HttpCommandExecutor.java:215)
at org.openqa.selenium.remote.service.DriverCommandExecutor.invokeExecute(DriverCommandExecutor.java:216)
at org.openqa.selenium.remote.service.DriverCommandExecutor.execute(DriverCommandExecutor.java:174)
at org.openqa.selenium.remote.RemoteWebDriver.execute(RemoteWebDriver.java:545)
at org.openqa.selenium.remote.ElementLocation$ElementFinder$2.findElement(ElementLocation.java:165)
at org.openqa.selenium.remote.ElementLocation.findElement(ElementLocation.java:59)
at org.openqa.selenium.remote.RemoteWebDriver.findElement(RemoteWebDriver.java:368)
at org.openqa.selenium.remote.RemoteWebDriver.findElement(RemoteWebDriver.java:362)
at tataHealth_Smoke_Integreation_System_Test.BookAppointment_AddMediHistory_ST_Test.AddMedicalHistory_ST_Test(BookAppointment_AddMediHistory_ST_Test.java:286)
at java.base/jdk.internal.reflect.DirectMethodHandleAccessor.invoke(DirectMethodHandleAccessor.java:103)
at java.base/java.lang.reflect.Method.invoke(Method.java:580)
at org.testng.internal.MethodInvocationHelper.invokeMethod(MethodInvocationHelper.java:133)
at org.testng.internal.TestInvoker.invokeMethod(TestInvoker.java:598)
at org.testng.internal.TestInvoker.invokeTestMethod(TestInvoker.java:173)
at org.testng.internal.MethodRunner.runInSequence(MethodRunner.java:46)
at org.testng.internal.TestInvoker$MethodInvocationAgent.invoke(TestInvoker.java:824)
at org.testng.internal.TestInvoker.invokeTestMethods(TestInvoker.java:146)
at org.testng.internal.TestMethodWorker.invokeTestMethods(TestMethodWorker.java:146)
at org.testng.internal.TestMethodWorker.run(TestMethodWorker.java:128)
at java.base/java.util.ArrayList.forEach(ArrayList.java:1597)
at org.testng.TestRunner.privateRun(TestRunner.java:794)
at org.testng.TestRunner.run(TestRunner.java:596)
at org.testng.SuiteRunner.runTest(SuiteRunner.java:377)
at org.testng.SuiteRunner.runSequentially(SuiteRunner.java:371)
at org.testng.SuiteRunner.privateRun(SuiteRunner.java:332)
at org.testng.SuiteRunner.run(SuiteRunner.java:276)
at org.testng.SuiteRunnerWorker.runSuite(SuiteRunnerWorker.java:53)
at org.testng.SuiteRunnerWorker.run(SuiteRunnerWorker.java:96)
at org.testng.TestNG.runSuitesSequentially(TestNG.java:1212)
at org.testng.TestNG.runSuitesLocally(TestNG.java:1134)
at org.testng.TestNG.runSuites(TestNG.java:1063)
at org.testng.TestNG.run(TestNG.java:1031)
at org.testng.remote.AbstractRemoteTestNG.run(AbstractRemoteTestNG.java:115)
at org.testng.remote.RemoteTestNG.initAndRun(RemoteTestNG.java:293)
at org.testng.remote.RemoteTestNG.main(RemoteTestNG.java:91)
]]>
            </full-stacktrace>
          </exception> <!-- org.openqa.selenium.NoSuchElementException -->
          <reporter-output>
          </reporter-output>
        </test-method> <!-- AddMedicalHistory_ST_Test -->
        <test-method is-config="true" signature="configAM()[pri:0, instance:tataHealth_Smoke_Integreation_System_Test.BookAppointment_AddMediHistory_ST_Test@6c6cb480]" started-at="2025-04-03T16:22:55 IST" name="configAM" finished-at="2025-04-03T16:22:55 IST" duration-ms="0" status="PASS">
          <reporter-output>
          </reporter-output>
        </test-method> <!-- configAM -->
        <test-method is-config="true" signature="configBM()[pri:0, instance:tataHealth_Smoke_Integreation_System_Test.BookAppointment_AddMediHistory_ST_Test@6c6cb480]" started-at="2025-04-03T16:22:55 IST" name="configBM" finished-at="2025-04-03T16:22:55 IST" duration-ms="8" status="PASS">
          <reporter-output>
          </reporter-output>
        </test-method> <!-- configBM -->
        <test-method signature="BookAnAppointment_ST_Test()[pri:0, instance:tataHealth_Smoke_Integreation_System_Test.BookAppointment_AddMediHistory_ST_Test@6c6cb480]" started-at="2025-04-03T16:22:55 IST" name="BookAnAppointment_ST_Test" finished-at="2025-04-03T16:23:05 IST" duration-ms="9446" status="FAIL">
          <exception class="org.openqa.selenium.UnhandledAlertException">
            <message>
              <![CDATA[unexpected alert open: {Alert text : Doctor info added Successfully}
  (Session info: chrome=134.0.6998.178): Doctor info added Successfully
Build info: version: '4.28.1', revision: '73f5ad48a2'
System info: os.name: 'Windows 11', os.arch: 'amd64', os.version: '10.0', java.version: '23'
Driver info: org.openqa.selenium.chrome.ChromeDriver
Command: [fdae256e779bfcaaaad3a28914f97be5, screenshot {}]
Capabilities {acceptInsecureCerts: false, browserName: chrome, browserVersion: 134.0.6998.178, chrome: {chromedriverVersion: 134.0.6998.165 (fd886e2cb29..., userDataDir: C:\Users\anjal\AppData\Loca...}, fedcm:accounts: true, goog:chromeOptions: {debuggerAddress: localhost:60252}, networkConnectionEnabled: false, pageLoadStrategy: normal, platformName: windows, proxy: Proxy(), se:cdp: ws://localhost:60252/devtoo..., se:cdpVersion: 134.0.6998.178, setWindowRect: true, strictFileInteractability: false, timeouts: {implicit: 0, pageLoad: 300000, script: 30000}, unhandledPromptBehavior: dismiss and notify, webauthn:extension:credBlob: true, webauthn:extension:largeBlob: true, webauthn:extension:minPinLength: true, webauthn:extension:prf: true, webauthn:virtualAuthenticators: true}
Session ID: fdae256e779bfcaaaad3a28914f97be5]]>
            </message>
            <full-stacktrace>
              <![CDATA[org.openqa.selenium.UnhandledAlertException: unexpected alert open: {Alert text : Doctor info added Successfully}
  (Session info: chrome=134.0.6998.178): Doctor info added Successfully
Build info: version: '4.28.1', revision: '73f5ad48a2'
System info: os.name: 'Windows 11', os.arch: 'amd64', os.version: '10.0', java.version: '23'
Driver info: org.openqa.selenium.chrome.ChromeDriver
Command: [fdae256e779bfcaaaad3a28914f97be5, screenshot {}]
Capabilities {acceptInsecureCerts: false, browserName: chrome, browserVersion: 134.0.6998.178, chrome: {chromedriverVersion: 134.0.6998.165 (fd886e2cb29..., userDataDir: C:\Users\anjal\AppData\Loca...}, fedcm:accounts: true, goog:chromeOptions: {debuggerAddress: localhost:60252}, networkConnectionEnabled: false, pageLoadStrategy: normal, platformName: windows, proxy: Proxy(), se:cdp: ws://localhost:60252/devtoo..., se:cdpVersion: 134.0.6998.178, setWindowRect: true, strictFileInteractability: false, timeouts: {implicit: 0, pageLoad: 300000, script: 30000}, unhandledPromptBehavior: dismiss and notify, webauthn:extension:credBlob: true, webauthn:extension:largeBlob: true, webauthn:extension:minPinLength: true, webauthn:extension:prf: true, webauthn:virtualAuthenticators: true}
Session ID: fdae256e779bfcaaaad3a28914f97be5
at org.openqa.selenium.remote.codec.w3c.W3CHttpResponseCodec.decode(W3CHttpResponseCodec.java:136)
at org.openqa.selenium.remote.codec.w3c.W3CHttpResponseCodec.decode(W3CHttpResponseCodec.java:50)
at org.openqa.selenium.remote.HttpCommandExecutor.execute(HttpCommandExecutor.java:215)
at org.openqa.selenium.remote.service.DriverCommandExecutor.invokeExecute(DriverCommandExecutor.java:216)
at org.openqa.selenium.remote.service.DriverCommandExecutor.execute(DriverCommandExecutor.java:174)
at org.openqa.selenium.remote.RemoteWebDriver.execute(RemoteWebDriver.java:545)
at org.openqa.selenium.remote.RemoteWebDriver.execute(RemoteWebDriver.java:618)
at org.openqa.selenium.remote.RemoteWebDriver.execute(RemoteWebDriver.java:622)
at org.openqa.selenium.remote.RemoteWebDriver.getScreenshotAs(RemoteWebDriver.java:334)
at tata_health_generic_ListenerUtility.ExtentReport_ListImpClass.onTestFailure(ExtentReport_ListImpClass.java:79)
at org.testng.internal.TestListenerHelper.runTestListeners(TestListenerHelper.java:96)
at org.testng.internal.TestInvoker.runTestResultListener(TestInvoker.java:219)
at org.testng.internal.TestInvoker.invokeMethod(TestInvoker.java:656)
at org.testng.internal.TestInvoker.invokeTestMethod(TestInvoker.java:173)
at org.testng.internal.MethodRunner.runInSequence(MethodRunner.java:46)
at org.testng.internal.TestInvoker$MethodInvocationAgent.invoke(TestInvoker.java:824)
at org.testng.internal.TestInvoker.invokeTestMethods(TestInvoker.java:146)
at org.testng.internal.TestMethodWorker.invokeTestMethods(TestMethodWorker.java:146)
at org.testng.internal.TestMethodWorker.run(TestMethodWorker.java:128)
at java.base/java.util.ArrayList.forEach(ArrayList.java:1597)
at org.testng.TestRunner.privateRun(TestRunner.java:794)
at org.testng.TestRunner.run(TestRunner.java:596)
at org.testng.SuiteRunner.runTest(SuiteRunner.java:377)
at org.testng.SuiteRunner.runSequentially(SuiteRunner.java:371)
at org.testng.SuiteRunner.privateRun(SuiteRunner.java:332)
at org.testng.SuiteRunner.run(SuiteRunner.java:276)
at org.testng.SuiteRunnerWorker.runSuite(SuiteRunnerWorker.java:53)
at org.testng.SuiteRunnerWorker.run(SuiteRunnerWorker.java:96)
at org.testng.TestNG.runSuitesSequentially(TestNG.java:1212)
at org.testng.TestNG.runSuitesLocally(TestNG.java:1134)
at org.testng.TestNG.runSuites(TestNG.java:1063)
at org.testng.TestNG.run(TestNG.java:1031)
at org.testng.remote.AbstractRemoteTestNG.run(AbstractRemoteTestNG.java:115)
at org.testng.remote.RemoteTestNG.initAndRun(RemoteTestNG.java:293)
at org.testng.remote.RemoteTestNG.main(RemoteTestNG.java:91)
]]>
            </full-stacktrace>
          </exception> <!-- org.openqa.selenium.UnhandledAlertException -->
          <reporter-output>
          </reporter-output>
        </test-method> <!-- BookAnAppointment_ST_Test -->
        <test-method is-config="true" signature="configAC()[pri:0, instance:tataHealth_Smoke_Integreation_System_Test.BookAppointment_AddMediHistory_ST_Test@6c6cb480]" started-at="2025-04-03T16:23:05 IST" name="configAC" finished-at="2025-04-03T16:23:05 IST" duration-ms="311" status="PASS">
          <reporter-output>
          </reporter-output>
        </test-method> <!-- configAC -->
        <test-method is-config="true" signature="configAS()[pri:0, instance:tataHealth_Smoke_Integreation_System_Test.BookAppointment_AddMediHistory_ST_Test@6c6cb480]" started-at="2025-04-03T16:23:48 IST" name="configAS" finished-at="2025-04-03T16:23:48 IST" duration-ms="29" status="PASS">
          <reporter-output>
          </reporter-output>
        </test-method> <!-- configAS -->
      </class> <!-- tataHealth_Smoke_Integreation_System_Test.BookAppointment_AddMediHistory_ST_Test -->
    </test> <!-- Test -->
  </suite> <!-- Suite -->
</testng-results>
